
> voice-first-assistant@0.1.0 build
> vite build

[36mvite v5.4.21 [32mbuilding for production...[36m[39m
transforming...
[32m✓[39m 2149 modules transformed.
[31mx[39m Build failed in 8.07s
[31merror during build:
[31msrc/pages/Dashboard.jsx (3:22): "Youtube" is not exported by "node_modules/lucide-react/dist/esm/lucide-react.js", imported by "src/pages/Dashboard.jsx".[31m
file: [36mC:/Users/MIHIRA SHREE/OneDrive/Desktop/TEKHORA/Iyya/src/pages/Dashboard.jsx:3:22[31m
[33m
1: import React, { useState, useEffect, useRef } from 'react';
2: import { motion } from 'framer-motion';
3: import { Mic, MicOff, Youtube, MessageCircle, Play } from 'lucide-react';
                         ^
4: 
5: export default function Dashboard() {
[31m
    at getRollupError (file:///C:/Users/MIHIRA%20SHREE/OneDrive/Desktop/TEKHORA/Iyya/node_modules/rollup/dist/es/shared/parseAst.js:406:41)
    at error (file:///C:/Users/MIHIRA%20SHREE/OneDrive/Desktop/TEKHORA/Iyya/node_modules/rollup/dist/es/shared/parseAst.js:402:42)
    at Module.error (file:///C:/Users/MIHIRA%20SHREE/OneDrive/Desktop/TEKHORA/Iyya/node_modules/rollup/dist/es/shared/node-entry.js:17380:16)
    at Module.traceVariable (file:///C:/Users/MIHIRA%20SHREE/OneDrive/Desktop/TEKHORA/Iyya/node_modules/rollup/dist/es/shared/node-entry.js:17813:29)
    at ModuleScope.findVariable (file:///C:/Users/MIHIRA%20SHREE/OneDrive/Desktop/TEKHORA/Iyya/node_modules/rollup/dist/es/shared/node-entry.js:15403:39)
    at FunctionScope.findVariable (file:///C:/Users/MIHIRA%20SHREE/OneDrive/Desktop/TEKHORA/Iyya/node_modules/rollup/dist/es/shared/node-entry.js:5676:38)
    at FunctionBodyScope.findVariable (file:///C:/Users/MIHIRA%20SHREE/OneDrive/Desktop/TEKHORA/Iyya/node_modules/rollup/dist/es/shared/node-entry.js:5676:38)
    at Identifier.bind (file:///C:/Users/MIHIRA%20SHREE/OneDrive/Desktop/TEKHORA/Iyya/node_modules/rollup/dist/es/shared/node-entry.js:5450:40)
    at CallExpression.bind (file:///C:/Users/MIHIRA%20SHREE/OneDrive/Desktop/TEKHORA/Iyya/node_modules/rollup/dist/es/shared/node-entry.js:2828:28)
    at CallExpression.bind (file:///C:/Users/MIHIRA%20SHREE/OneDrive/Desktop/TEKHORA/Iyya/node_modules/rollup/dist/es/shared/node-entry.js:12512:15)[39m
